<?xml version="1.0" encoding="utf-8"?><testsuites name="pytest tests"><testsuite name="pytest" errors="0" failures="0" skipped="0" tests="3" time="0.150" timestamp="2026-09-12T04:18:32.846929-05:00" hostname="Mac.lan"><testcase classname="tests.test_eucap15_received_landing_increment" name="test_pending_formal_and_original_holdouts_never_enter_train_coverage" time="0.017" /><testcase classname="tests.test_eucap15_received_landing_increment" name="test_mismatched_formal_join_and_reused_record_identity_are_rejected" time="0.029" /><testcase classname="tests.test_eucap15_received_landing_increment" name="test_supplied_target_and_prediction_cells_are_preserved_without_inferred_errors" time="0.008" /></testsuite></testsuites>
