<?xml version="1.0" encoding="utf-8"?><testsuites name="pytest tests"><testsuite name="pytest" errors="0" failures="0" skipped="0" tests="3" time="0.236" timestamp="2026-09-12T04:29:53.334942-05:00" hostname="Mac.lan"><testcase classname="tests.test_eucap15_received_landing_backfill" name="test_prior_formal_train_backfills_have_separate_unchanged_baseline_diagnostics" time="0.008" /><testcase classname="tests.test_eucap15_received_landing_backfill" name="test_identity_and_pin_reuse_across_new_and_backfill_cohorts_are_rejected" time="0.050" /><testcase classname="tests.test_eucap15_received_landing_backfill" name="test_backfills_require_strict_range_exact_join_and_complete_count_envelopes" time="0.109" /></testsuite></testsuites>
